{"contracts\\Registration.sol":{"l":{"5":3,"21":4,"22":2,"30":2,"31":2,"35":3,"39":1},"path":"C:\\Programming\\Learning\\dApp-NODEJS\\app\\contracts\\Registration.sol","s":{"1":3,"2":4,"3":2,"4":2,"5":3,"6":1},"b":{"1":[2,2],"2":[1,2]},"f":{"1":3,"2":4,"3":2,"4":3},"fnMap":{"1":{"name":"constructor","line":4,"loc":{"start":{"line":4,"column":4},"end":{"line":6,"column":4}}},"2":{"name":"onlyOwner","line":20,"loc":{"start":{"line":20,"column":4},"end":{"line":23,"column":4}}},"3":{"name":"registerUser","line":29,"loc":{"start":{"line":25,"column":4},"end":{"line":32,"column":4}}},"4":{"name":"send","line":34,"loc":{"start":{"line":34,"column":4},"end":{"line":40,"column":4}}}},"statementMap":{"1":{"start":{"line":5,"column":8},"end":{"line":5,"column":25}},"2":{"start":{"line":21,"column":8},"end":{"line":21,"column":70}},"3":{"start":{"line":30,"column":8},"end":{"line":30,"column":48}},"4":{"start":{"line":31,"column":8},"end":{"line":31,"column":43}},"5":{"start":{"line":35,"column":8},"end":{"line":35,"column":830}},"6":{"start":{"line":39,"column":8},"end":{"line":39,"column":41}}},"branchMap":{"1":{"line":21,"type":"if","locations":[{"start":{"line":21,"column":8},"end":{"line":21,"column":8}},{"start":{"line":21,"column":8},"end":{"line":21,"column":8}}]},"2":{"line":35,"type":"if","locations":[{"start":{"line":35,"column":8},"end":{"line":35,"column":8}},{"start":{"line":35,"column":8},"end":{"line":35,"column":8}}]}}}}